<?xml version="1.0" encoding="UTF-8"?>
<testng-results ignored="0" total="2" passed="2" failed="0" skipped="0">
  <reporter-output>
  </reporter-output>
  <suite started-at="2026-03-04T16:48:47 IST" name="Default suite" finished-at="2026-03-04T16:50:01 IST" duration-ms="73620">
    <groups>
    </groups>
    <test started-at="2026-03-04T16:48:47 IST" name="Default test" finished-at="2026-03-04T16:50:01 IST" duration-ms="73620">
      <class name="practice.DataProviderPractice">
        <test-method signature="loginTest(java.util.HashMap)[pri:0, instance:practice.DataProviderPractice@3590fc5b]" started-at="2026-03-04T16:48:47 IST" name="loginTest" data-provider="loginData" finished-at="2026-03-04T16:49:48 IST" duration-ms="60522" status="PASS">
          <params>
            <param index="0">
              <value>
                <![CDATA[{password=admin, username=admin}]]>
              </value>
            </param>
          </params>
          <reporter-output>
          </reporter-output>
        </test-method> <!-- loginTest -->
        <test-method signature="loginTest(java.util.HashMap)[pri:0, instance:practice.DataProviderPractice@3590fc5b]" started-at="2026-03-04T16:49:48 IST" name="loginTest" data-provider="loginData" finished-at="2026-03-04T16:50:01 IST" duration-ms="12896" status="PASS">
          <params>
            <param index="0">
              <value>
                <![CDATA[{password=admin345, username=admin123}]]>
              </value>
            </param>
          </params>
          <reporter-output>
          </reporter-output>
        </test-method> <!-- loginTest -->
      </class> <!-- practice.DataProviderPractice -->
    </test> <!-- Default test -->
  </suite> <!-- Default suite -->
</testng-results>
