<?xml version="1.0" encoding="UTF-8"?>
<!-- Generated by org.testng.reporters.JUnitReportReporter -->
<testsuite hostname="DESKTOP-4QGETVN" failures="0" tests="2" name="practice.DataProviderPractice" time="73.418" errors="0" timestamp="2026-03-04T16:50:02 IST" skipped="0">
  <testcase classname="practice.DataProviderPractice" name="loginTest" time="60.522"/>
  <testcase classname="practice.DataProviderPractice" name="loginTest" time="12.896"/>
</testsuite> <!-- practice.DataProviderPractice -->
